# JRE version: OpenJDK Runtime Environment Temurin-17.0.8+7 (17.0.8+7) (build 17.0.8+7)
# Java VM: OpenJDK 64-Bit Server VM Temurin-17.0.8+7 (17.0.8+7, mixed mode, tiered, compressed oops, compressed class ptrs, g1 gc, windows-amd64)
GC Precious Log:
 CPUs: 6 total, 6 available
 Memory: 8142M
 Large Page Support: Disabled
 NUMA Support: Disabled
 Compressed Oops: Enabled (32-bit)
 Heap Region Size: 1M
 Heap Min Capacity: 8M
 Heap Initial Capacity: 128M
 Heap Max Capacity: 2036M
 Pre-touch: Disabled
 Parallel Workers: 6
 Concurrent Workers: 2
 Concurrent Refinement Workers: 6
 Periodic GC: Disabled
Heap:
 garbage-first heap   total 27648K, used 17379K [0x0000000080c00000, 0x0000000100000000)
  region size 1024K, 9 young (9216K), 1 survivors (1024K)
 Metaspace       used 31517K, committed 31808K, reserved 1114112K
  class space    used 3387K, committed 3520K, reserved 1048576K
GC Heap History (20 events):
Event: 8.791 GC heap before
{Heap before GC invocations=6 (full 0):
 garbage-first heap   total 27648K, used 17010K [0x0000000080c00000, 0x0000000100000000)
  region size 1024K, 12 young (12288K), 1 survivors (1024K)
 Metaspace       used 25414K, committed 25600K, reserved 1114112K
  class space    used 2523K, committed 2624K, reserved 1048576K
}
Event: 8.793 GC heap after
{Heap after GC invocations=7 (full 0):
 garbage-first heap   total 27648K, used 7625K [0x0000000080c00000, 0x0000000100000000)
  region size 1024K, 1 young (1024K), 1 survivors (1024K)
 Metaspace       used 25414K, committed 25600K, reserved 1114112K
  class space    used 2523K, committed 2624K, reserved 1048576K
}
Event: 8.994 GC heap before
{Heap before GC invocations=7 (full 0):
 garbage-first heap   total 27648K, used 18889K [0x0000000080c00000, 0x0000000100000000)
  region size 1024K, 13 young (13312K), 1 survivors (1024K)
 Metaspace       used 29477K, committed 29696K, reserved 1114112K
  class space    used 3016K, committed 3136K, reserved 1048576K
}
Event: 8.996 GC heap after
{Heap after GC invocations=8 (full 0):
 garbage-first heap   total 27648K, used 8169K [0x0000000080c00000, 0x0000000100000000)
  region size 1024K, 2 young (2048K), 2 survivors (2048K)
 Metaspace       used 29477K, committed 29696K, reserved 1114112K
  class space    used 3016K, committed 3136K, reserved 1048576K
}
Event: 33.964 GC heap before
{Heap before GC invocations=8 (full 0):
 garbage-first heap   total 27648K, used 20457K [0x0000000080c00000, 0x0000000100000000)
  region size 1024K, 13 young (13312K), 2 survivors (2048K)
 Metaspace       used 30898K, committed 31168K, reserved 1114112K
  class space    used 3223K, committed 3392K, reserved 1048576K
}
Event: 33.966 GC heap after
{Heap after GC invocations=9 (full 0):
 garbage-first heap   total 27648K, used 10231K [0x0000000080c00000, 0x0000000100000000)
  region size 1024K, 2 young (2048K), 2 survivors (2048K)
 Metaspace       used 30898K, committed 31168K, reserved 1114112K
  class space    used 3223K, committed 3392K, reserved 1048576K
}
Event: 302.879 GC heap before
{Heap before GC invocations=9 (full 0):
 garbage-first heap   total 27648K, used 20471K [0x0000000080c00000, 0x0000000100000000)
  region size 1024K, 12 young (12288K), 2 survivors (2048K)
 Metaspace       used 30950K, committed 31232K, reserved 1114112K
  class space    used 3232K, committed 3392K, reserved 1048576K
}
Event: 302.880 GC heap after
{Heap after GC invocations=10 (full 0):
 garbage-first heap   total 27648K, used 10289K [0x0000000080c00000, 0x0000000100000000)
  region size 1024K, 2 young (2048K), 2 survivors (2048K)
 Metaspace       used 30950K, committed 31232K, reserved 1114112K
  class space    used 3232K, committed 3392K, reserved 1048576K
}
Event: 548.737 GC heap before
{Heap before GC invocations=10 (full 0):
 garbage-first heap   total 27648K, used 19505K [0x0000000080c00000, 0x0000000100000000)
  region size 1024K, 11 young (11264K), 2 survivors (2048K)
 Metaspace       used 30952K, committed 31232K, reserved 1114112K
  class space    used 3232K, committed 3392K, reserved 1048576K
}
Event: 548.738 GC heap after
{Heap after GC invocations=11 (full 0):
 garbage-first heap   total 27648K, used 10206K [0x0000000080c00000, 0x0000000100000000)
  region size 1024K, 1 young (1024K), 1 survivors (1024K)
 Metaspace       used 30952K, committed 31232K, reserved 1114112K
  class space    used 3232K, committed 3392K, reserved 1048576K
}
Event: 821.920 GC heap before
{Heap before GC invocations=11 (full 0):
 garbage-first heap   total 27648K, used 20446K [0x0000000080c00000, 0x0000000100000000)
  region size 1024K, 11 young (11264K), 1 survivors (1024K)
 Metaspace       used 31116K, committed 31360K, reserved 1114112K
  class space    used 3286K, committed 3456K, reserved 1048576K
}
Event: 821.922 GC heap after
{Heap after GC invocations=12 (full 0):
 garbage-first heap   total 27648K, used 10227K [0x0000000080c00000, 0x0000000100000000)
  region size 1024K, 1 young (1024K), 1 survivors (1024K)
 Metaspace       used 31116K, committed 31360K, reserved 1114112K
  class space    used 3286K, committed 3456K, reserved 1048576K
}
Event: 1118.501 GC heap before
{Heap before GC invocations=12 (full 0):
 garbage-first heap   total 27648K, used 21491K [0x0000000080c00000, 0x0000000100000000)
  region size 1024K, 12 young (12288K), 1 survivors (1024K)
 Metaspace       used 31426K, committed 31744K, reserved 1114112K
  class space    used 3366K, committed 3520K, reserved 1048576K
}
Event: 1118.508 GC heap after
{Heap after GC invocations=13 (full 0):
 garbage-first heap   total 27648K, used 10229K [0x0000000080c00000, 0x0000000100000000)
  region size 1024K, 1 young (1024K), 1 survivors (1024K)
 Metaspace       used 31426K, committed 31744K, reserved 1114112K
  class space    used 3366K, committed 3520K, reserved 1048576K
}
Event: 1446.106 GC heap before
{Heap before GC invocations=13 (full 0):
 garbage-first heap   total 27648K, used 21493K [0x0000000080c00000, 0x0000000100000000)
  region size 1024K, 12 young (12288K), 1 survivors (1024K)
 Metaspace       used 31506K, committed 31808K, reserved 1114112K
  class space    used 3386K, committed 3520K, reserved 1048576K
}
Event: 1446.118 GC heap after
{Heap after GC invocations=14 (full 0):
 garbage-first heap   total 27648K, used 10201K [0x0000000080c00000, 0x0000000100000000)
  region size 1024K, 1 young (1024K), 1 survivors (1024K)
 Metaspace       used 31506K, committed 31808K, reserved 1114112K
  class space    used 3386K, committed 3520K, reserved 1048576K
}
Event: 1778.569 GC heap before
{Heap before GC invocations=14 (full 0):
 garbage-first heap   total 27648K, used 21465K [0x0000000080c00000, 0x0000000100000000)
  region size 1024K, 12 young (12288K), 1 survivors (1024K)
 Metaspace       used 31506K, committed 31808K, reserved 1114112K
  class space    used 3386K, committed 3520K, reserved 1048576K
}
Event: 1778.574 GC heap after
{Heap after GC invocations=15 (full 0):
 garbage-first heap   total 27648K, used 10192K [0x0000000080c00000, 0x0000000100000000)
  region size 1024K, 1 young (1024K), 1 survivors (1024K)
 Metaspace       used 31506K, committed 31808K, reserved 1114112K
  class space    used 3386K, committed 3520K, reserved 1048576K
}
Event: 2138.057 GC heap before
{Heap before GC invocations=15 (full 0):
 garbage-first heap   total 27648K, used 22480K [0x0000000080c00000, 0x0000000100000000)
  region size 1024K, 13 young (13312K), 1 survivors (1024K)
 Metaspace       used 31506K, committed 31808K, reserved 1114112K
  class space    used 3386K, committed 3520K, reserved 1048576K
}
Event: 2138.066 GC heap after
{Heap after GC invocations=16 (full 0):
 garbage-first heap   total 27648K, used 10211K [0x0000000080c00000, 0x0000000100000000)
  region size 1024K, 1 young (1024K), 1 survivors (1024K)
 Metaspace       used 31506K, committed 31808K, reserved 1114112K
  class space    used 3386K, committed 3520K, reserved 1048576K
}

